<?xml version="1.0" encoding="UTF-8"?>
<!-- Generated by org.testng.reporters.JUnitXMLReporter -->
<testsuite ignored="0" hostname="LAPTOP-B0UG8PVA" failures="0" tests="4" name="Default test" time="0.063" errors="0" timestamp="2023-03-17T01:10:04 IST">
  <testcase classname="practicetestng.TestngDummy12" name="openbrowser" time="0.012"/>
  <testcase classname="practicetestng.TestngDummy12" name="login" time="0.002"/>
  <testcase classname="practicetestng.TestngDummy12" name="sendMail" time="0.002"/>
  <testcase classname="practicetestng.TestngDummy12" name="close" time="0.001"/>
</testsuite> <!-- Default test -->
