<?xml version="1.0" encoding="UTF-8"?>
<!-- Generated by org.testng.reporters.JUnitXMLReporter -->
<testsuite ignored="0" hostname="LAPTOP-B0UG8PVA" failures="0" tests="4" name="Test" time="0.051" errors="0" timestamp="2023-03-17T01:10:48 IST">
  <testcase classname="practicetestng.TestngDummy" name="openbrowser" time="0.011"/>
  <testcase classname="practicetestng.TestngDummy" name="login" time="0.001"/>
  <testcase classname="practicetestng.TestngDummy" name="sendMail" time="0.002"/>
  <testcase classname="practicetestng.TestngDummy" name="close" time="0.001"/>
</testsuite> <!-- Test -->
