<?xml version="1.0" encoding="UTF-8"?>
<testng-results ignored="0" total="4" passed="4" failed="0" skipped="0">
  <reporter-output>
  </reporter-output>
  <suite started-at="2023-03-17T01:10:48 IST" name="Suite" finished-at="2023-03-17T01:10:48 IST" duration-ms="51">
    <groups>
    </groups>
    <test started-at="2023-03-17T01:10:48 IST" name="Test" finished-at="2023-03-17T01:10:48 IST" duration-ms="51">
      <class name="practicetestng.TestngDummy">
        <test-method signature="openbrowser()[pri:1, instance:practicetestng.TestngDummy@436813f3]" started-at="2023-03-17T01:10:48 IST" name="openbrowser" finished-at="2023-03-17T01:10:48 IST" duration-ms="11" status="PASS">
          <reporter-output>
          </reporter-output>
        </test-method> <!-- openbrowser -->
        <test-method signature="login()[pri:2, instance:practicetestng.TestngDummy@436813f3]" started-at="2023-03-17T01:10:48 IST" name="login" finished-at="2023-03-17T01:10:48 IST" duration-ms="1" status="PASS">
          <reporter-output>
          </reporter-output>
        </test-method> <!-- login -->
        <test-method signature="sendMail()[pri:3, instance:practicetestng.TestngDummy@436813f3]" started-at="2023-03-17T01:10:48 IST" name="sendMail" finished-at="2023-03-17T01:10:48 IST" duration-ms="2" status="PASS">
          <reporter-output>
          </reporter-output>
        </test-method> <!-- sendMail -->
        <test-method signature="close()[pri:4, instance:practicetestng.TestngDummy@436813f3]" started-at="2023-03-17T01:10:48 IST" name="close" finished-at="2023-03-17T01:10:48 IST" duration-ms="1" status="PASS">
          <reporter-output>
          </reporter-output>
        </test-method> <!-- close -->
      </class> <!-- practicetestng.TestngDummy -->
    </test> <!-- Test -->
  </suite> <!-- Suite -->
</testng-results>
